[debug] [2024-12-24T15:07:35.938Z] ----------------------------------------------------------------------
[debug] [2024-12-24T15:07:35.941Z] Command:       C:\Program Files\nodejs\node.exe C:\Users\WTINFO PC\AppData\Roaming\npm\node_modules\firebase-tools\lib\bin\firebase.js init
[debug] [2024-12-24T15:07:35.942Z] CLI Version:   13.29.1
[debug] [2024-12-24T15:07:35.942Z] Platform:      win32
[debug] [2024-12-24T15:07:35.942Z] Node Version:  v20.11.0
[debug] [2024-12-24T15:07:35.942Z] Time:          Tue Dec 24 2024 12:07:35 GMT-0300 (Horário Padrão de Brasília)
[debug] [2024-12-24T15:07:35.942Z] ----------------------------------------------------------------------
[debug] 
[debug] [2024-12-24T15:07:35.950Z] > command requires scopes: ["email","openid","https://www.googleapis.com/auth/cloudplatformprojects.readonly","https://www.googleapis.com/auth/firebase","https://www.googleapis.com/auth/cloud-platform"]
[debug] [2024-12-24T15:07:35.951Z] > authorizing via signed-in user (arthurfriburgo234@gmail.com)
[info] 
     ######## #### ########  ######## ########     ###     ######  ########
     ##        ##  ##     ## ##       ##     ##  ##   ##  ##       ##
     ######    ##  ########  ######   ########  #########  ######  ######
     ##        ##  ##    ##  ##       ##     ## ##     ##       ## ##
     ##       #### ##     ## ######## ########  ##     ##  ######  ########

You're about to initialize a Firebase project in this directory:

  C:\Users\WTINFO PC\OneDrive\Área de Trabalho\mod-up 25\Mod-up-Tech

[info] 
=== Project Setup
[info] 
[info] First, let's associate this project directory with a Firebase project.
[info] You can create multiple project aliases by running firebase use --add, 
[info] but for now we'll just set up a default project.
[info] 
[debug] [2024-12-24T15:20:08.084Z] Checked if tokens are valid: true, expires at: 1735056440275
[debug] [2024-12-24T15:20:08.085Z] Checked if tokens are valid: true, expires at: 1735056440275
[debug] [2024-12-24T15:20:08.087Z] >>> [apiv2][query] GET https://firebase.googleapis.com/v1beta1/projects pageSize=100
[debug] [2024-12-24T15:20:08.856Z] <<< [apiv2][status] GET https://firebase.googleapis.com/v1beta1/projects 200
[debug] [2024-12-24T15:20:08.857Z] <<< [apiv2][body] GET https://firebase.googleapis.com/v1beta1/projects [omitted]
[info] i  Using project mod--up-tecnologia (Mod -up Tecnologia) 
[info] 
=== Dataconnect Setup
[debug] [2024-12-24T15:20:11.276Z] Checked if tokens are valid: true, expires at: 1735056440275
[debug] [2024-12-24T15:20:11.276Z] Checked if tokens are valid: true, expires at: 1735056440275
[debug] [2024-12-24T15:20:11.277Z] >>> [apiv2][query] GET https://cloudbilling.googleapis.com/v1/projects/mod--up-tecnologia/billingInfo [none]
[debug] [2024-12-24T15:20:12.567Z] <<< [apiv2][status] GET https://cloudbilling.googleapis.com/v1/projects/mod--up-tecnologia/billingInfo 200
[debug] [2024-12-24T15:20:12.567Z] <<< [apiv2][body] GET https://cloudbilling.googleapis.com/v1/projects/mod--up-tecnologia/billingInfo {"name":"projects/mod--up-tecnologia/billingInfo","projectId":"mod--up-tecnologia","billingAccountName":"","billingEnabled":false}
[info] i  dataconnect: ensuring required API sqladmin.googleapis.com is enabled... 
[debug] [2024-12-24T15:20:12.568Z] Checked if tokens are valid: true, expires at: 1735056440275
[debug] [2024-12-24T15:20:12.568Z] Checked if tokens are valid: true, expires at: 1735056440275
[debug] [2024-12-24T15:20:12.568Z] >>> [apiv2][query] GET https://serviceusage.googleapis.com/v1/projects/mod--up-tecnologia/services/sqladmin.googleapis.com [none]
[debug] [2024-12-24T15:20:12.568Z] >>> [apiv2][(partial)header] GET https://serviceusage.googleapis.com/v1/projects/mod--up-tecnologia/services/sqladmin.googleapis.com x-goog-quota-user=projects/mod--up-tecnologia
[debug] [2024-12-24T15:20:13.858Z] <<< [apiv2][status] GET https://serviceusage.googleapis.com/v1/projects/mod--up-tecnologia/services/sqladmin.googleapis.com 200
[debug] [2024-12-24T15:20:13.858Z] <<< [apiv2][body] GET https://serviceusage.googleapis.com/v1/projects/mod--up-tecnologia/services/sqladmin.googleapis.com [omitted]
[warn] !  dataconnect: missing required API sqladmin.googleapis.com. Enabling now... 
[debug] [2024-12-24T15:20:13.860Z] Checked if tokens are valid: true, expires at: 1735056440275
[debug] [2024-12-24T15:20:13.860Z] Checked if tokens are valid: true, expires at: 1735056440275
[debug] [2024-12-24T15:20:13.860Z] >>> [apiv2][query] POST https://serviceusage.googleapis.com/v1/projects/mod--up-tecnologia/services/sqladmin.googleapis.com:enable [none]
[debug] [2024-12-24T15:20:13.861Z] >>> [apiv2][(partial)header] POST https://serviceusage.googleapis.com/v1/projects/mod--up-tecnologia/services/sqladmin.googleapis.com:enable x-goog-quota-user=projects/mod--up-tecnologia
[debug] [2024-12-24T15:20:14.498Z] <<< [apiv2][status] POST https://serviceusage.googleapis.com/v1/projects/mod--up-tecnologia/services/sqladmin.googleapis.com:enable 200
[debug] [2024-12-24T15:20:14.498Z] <<< [apiv2][body] POST https://serviceusage.googleapis.com/v1/projects/mod--up-tecnologia/services/sqladmin.googleapis.com:enable [omitted]
[debug] [2024-12-24T15:20:24.502Z] Checked if tokens are valid: true, expires at: 1735056440275
[debug] [2024-12-24T15:20:24.502Z] Checked if tokens are valid: true, expires at: 1735056440275
[debug] [2024-12-24T15:20:24.502Z] >>> [apiv2][query] GET https://serviceusage.googleapis.com/v1/projects/mod--up-tecnologia/services/sqladmin.googleapis.com [none]
[debug] [2024-12-24T15:20:24.502Z] >>> [apiv2][(partial)header] GET https://serviceusage.googleapis.com/v1/projects/mod--up-tecnologia/services/sqladmin.googleapis.com x-goog-quota-user=projects/mod--up-tecnologia
[debug] [2024-12-24T15:20:25.558Z] <<< [apiv2][status] GET https://serviceusage.googleapis.com/v1/projects/mod--up-tecnologia/services/sqladmin.googleapis.com 200
[debug] [2024-12-24T15:20:25.558Z] <<< [apiv2][body] GET https://serviceusage.googleapis.com/v1/projects/mod--up-tecnologia/services/sqladmin.googleapis.com [omitted]
[info] +  dataconnect: required API sqladmin.googleapis.com is enabled 
[info] +  Wrote dataconnect\dataconnect.yaml 
[info] +  Wrote dataconnect\schema\schema.gql 
[info] +  Wrote dataconnect\connector\connector.yaml 
[info] +  Wrote dataconnect\connector\queries.gql 
[info] +  Wrote dataconnect\connector\mutations.gql 
[info] +  Detected WEB app in directory C:\Users\WTINFO PC\OneDrive\Área de Trabalho\mod-up 25\Mod-up-Tech 
[info] i  Wrote new config to C:\Users\WTINFO PC\OneDrive\Área de Trabalho\mod-up 25\Mod-up-Tech\dataconnect\connector/connector.yaml 
[info] i  dataconnect: downloading dataconnect-emulator-1.7.5.exe... {"metadata":{"emulator":{"name":"dataconnect"},"message":"downloading dataconnect-emulator-1.7.5.exe..."}}
[debug] [2024-12-24T15:20:31.523Z] >>> [apiv2][query] GET https://storage.googleapis.com/firemat-preview-drop/emulator/dataconnect-emulator-windows-v1.7.5 
[debug] [2024-12-24T15:20:32.098Z] <<< [apiv2][status] GET https://storage.googleapis.com/firemat-preview-drop/emulator/dataconnect-emulator-windows-v1.7.5 200
[debug] [2024-12-24T15:20:32.098Z] <<< [apiv2][body] GET https://storage.googleapis.com/firemat-preview-drop/emulator/dataconnect-emulator-windows-v1.7.5 [stream]
[info] I1224 12:20:43.028500   19040 codegen.go:82] [connector "default" javascriptSdk] Generating sources into "C:\\Users\\WTINFO PC\\OneDrive\\Área de Trabalho\\mod-up 25\\Mod-up-Tech\\dataconnect-generated\\js\\default-connector"
I1224 12:20:43.049836   19040 generate.go:40] Generated all sources. Writing them to disk...
I1224 12:20:43.105499   19040 collector.go:107] connector "default" javascriptSdk wrote into "C:\\Users\\WTINFO PC\\OneDrive\\Área de Trabalho\\mod-up 25\\Mod-up-Tech\\dataconnect-generated\\js\\default-connector"
Generated sources: index.cjs.js [225B] package.json [634B] index.d.ts [264B] esm\index.esm.js [184B] esm\package.json [17B] 
I1224 12:20:43.148471   19040 installsdk.go:76] Running command: C:\Program Files\nodejs\npm.cmd install file:dataconnect-generated\js\default-connector

[info] i  Generated SDK code for default 
[info] +  If you'd like to add more generated SDKs to your app your later, run firebase init dataconnect:sdk again 
[info] i  If you'd like to provision a CloudSQL Postgres instance on the Firebase Data Connect no-cost trial:
1. Please upgrade to the pay-as-you-go (Blaze) billing plan. Visit the following page:
     https://console.firebase.google.com/project/mod--up-tecnologia/usage/details
2. Run firebase init dataconnect again to configure the Cloud SQL instance.
3. Run firebase deploy --only dataconnect to deploy your Data Connect service. 
[info] 
=== Functions Setup
[debug] [2024-12-24T15:20:46.557Z] > command requires scopes: ["email","openid","https://www.googleapis.com/auth/cloudplatformprojects.readonly","https://www.googleapis.com/auth/firebase","https://www.googleapis.com/auth/cloud-platform"]
[debug] [2024-12-24T15:20:46.558Z] > authorizing via signed-in user (arthurfriburgo234@gmail.com)
[debug] [2024-12-24T15:20:46.558Z] [iam] checking project mod--up-tecnologia for permissions ["firebase.projects.get"]
[debug] [2024-12-24T15:20:46.559Z] Checked if tokens are valid: true, expires at: 1735056440275
[debug] [2024-12-24T15:20:46.559Z] Checked if tokens are valid: true, expires at: 1735056440275
[debug] [2024-12-24T15:20:46.559Z] >>> [apiv2][query] POST https://cloudresourcemanager.googleapis.com/v1/projects/mod--up-tecnologia:testIamPermissions [none]
[debug] [2024-12-24T15:20:46.559Z] >>> [apiv2][(partial)header] POST https://cloudresourcemanager.googleapis.com/v1/projects/mod--up-tecnologia:testIamPermissions x-goog-quota-user=projects/mod--up-tecnologia
[debug] [2024-12-24T15:20:46.559Z] >>> [apiv2][body] POST https://cloudresourcemanager.googleapis.com/v1/projects/mod--up-tecnologia:testIamPermissions {"permissions":["firebase.projects.get"]}
[debug] [2024-12-24T15:20:47.548Z] <<< [apiv2][status] POST https://cloudresourcemanager.googleapis.com/v1/projects/mod--up-tecnologia:testIamPermissions 200
[debug] [2024-12-24T15:20:47.548Z] <<< [apiv2][body] POST https://cloudresourcemanager.googleapis.com/v1/projects/mod--up-tecnologia:testIamPermissions {"permissions":["firebase.projects.get"]}
[debug] [2024-12-24T15:20:47.548Z] Checked if tokens are valid: true, expires at: 1735056440275
[debug] [2024-12-24T15:20:47.548Z] Checked if tokens are valid: true, expires at: 1735056440275
[debug] [2024-12-24T15:20:47.549Z] Checked if tokens are valid: true, expires at: 1735056440275
[debug] [2024-12-24T15:20:47.549Z] Checked if tokens are valid: true, expires at: 1735056440275
[debug] [2024-12-24T15:20:47.549Z] >>> [apiv2][query] GET https://serviceusage.googleapis.com/v1/projects/mod--up-tecnologia/services/cloudfunctions.googleapis.com [none]
[debug] [2024-12-24T15:20:47.549Z] >>> [apiv2][(partial)header] GET https://serviceusage.googleapis.com/v1/projects/mod--up-tecnologia/services/cloudfunctions.googleapis.com x-goog-quota-user=projects/mod--up-tecnologia
[debug] [2024-12-24T15:20:47.551Z] >>> [apiv2][query] GET https://serviceusage.googleapis.com/v1/projects/mod--up-tecnologia/services/runtimeconfig.googleapis.com [none]
[debug] [2024-12-24T15:20:47.551Z] >>> [apiv2][(partial)header] GET https://serviceusage.googleapis.com/v1/projects/mod--up-tecnologia/services/runtimeconfig.googleapis.com x-goog-quota-user=projects/mod--up-tecnologia
[debug] [2024-12-24T15:20:48.599Z] <<< [apiv2][status] GET https://serviceusage.googleapis.com/v1/projects/mod--up-tecnologia/services/runtimeconfig.googleapis.com 200
[debug] [2024-12-24T15:20:48.599Z] <<< [apiv2][body] GET https://serviceusage.googleapis.com/v1/projects/mod--up-tecnologia/services/runtimeconfig.googleapis.com [omitted]
[debug] [2024-12-24T15:20:48.607Z] <<< [apiv2][status] GET https://serviceusage.googleapis.com/v1/projects/mod--up-tecnologia/services/cloudfunctions.googleapis.com 200
[debug] [2024-12-24T15:20:48.608Z] <<< [apiv2][body] GET https://serviceusage.googleapis.com/v1/projects/mod--up-tecnologia/services/cloudfunctions.googleapis.com [omitted]
[debug] [2024-12-24T15:20:48.608Z] Checked if tokens are valid: true, expires at: 1735056440275
[debug] [2024-12-24T15:20:48.608Z] Checked if tokens are valid: true, expires at: 1735056440275
[debug] [2024-12-24T15:20:48.608Z] >>> [apiv2][query] POST https://serviceusage.googleapis.com/v1/projects/mod--up-tecnologia/services/cloudfunctions.googleapis.com:enable [none]
[debug] [2024-12-24T15:20:48.608Z] >>> [apiv2][(partial)header] POST https://serviceusage.googleapis.com/v1/projects/mod--up-tecnologia/services/cloudfunctions.googleapis.com:enable x-goog-quota-user=projects/mod--up-tecnologia
[debug] [2024-12-24T15:20:49.788Z] <<< [apiv2][status] POST https://serviceusage.googleapis.com/v1/projects/mod--up-tecnologia/services/cloudfunctions.googleapis.com:enable 200
[debug] [2024-12-24T15:20:49.788Z] <<< [apiv2][body] POST https://serviceusage.googleapis.com/v1/projects/mod--up-tecnologia/services/cloudfunctions.googleapis.com:enable [omitted]
[debug] [2024-12-24T15:20:59.801Z] Checked if tokens are valid: true, expires at: 1735056440275
[debug] [2024-12-24T15:20:59.802Z] Checked if tokens are valid: true, expires at: 1735056440275
[debug] [2024-12-24T15:20:59.802Z] >>> [apiv2][query] GET https://serviceusage.googleapis.com/v1/projects/mod--up-tecnologia/services/cloudfunctions.googleapis.com [none]
[debug] [2024-12-24T15:20:59.802Z] >>> [apiv2][(partial)header] GET https://serviceusage.googleapis.com/v1/projects/mod--up-tecnologia/services/cloudfunctions.googleapis.com x-goog-quota-user=projects/mod--up-tecnologia
[debug] [2024-12-24T15:21:01.010Z] <<< [apiv2][status] GET https://serviceusage.googleapis.com/v1/projects/mod--up-tecnologia/services/cloudfunctions.googleapis.com 200
[debug] [2024-12-24T15:21:01.010Z] <<< [apiv2][body] GET https://serviceusage.googleapis.com/v1/projects/mod--up-tecnologia/services/cloudfunctions.googleapis.com [omitted]
[info] Let's create a new codebase for your functions.
[info] A directory corresponding to the codebase will be created in your project
[info] with sample code pre-configured.

[info] See https://firebase.google.com/docs/functions/organize-functions for
[info] more information on organizing your functions using codebases.

[info] Functions can be deployed with firebase deploy.

[info] +  Wrote functions/package.json 
[info] +  Wrote functions/.eslintrc.js 
[info] +  Wrote functions/index.js 
[info] +  Wrote functions/.gitignore 
[info] 
=== Hosting Setup
[debug] [2024-12-24T15:22:25.383Z] Checked if tokens are valid: true, expires at: 1735056440275
[debug] [2024-12-24T15:22:25.384Z] Checked if tokens are valid: true, expires at: 1735056440275
[debug] [2024-12-24T15:22:25.384Z] >>> [apiv2][query] GET https://firebase.googleapis.com/v1beta1/projects/mod--up-tecnologia [none]
[debug] [2024-12-24T15:22:25.844Z] <<< [apiv2][status] GET https://firebase.googleapis.com/v1beta1/projects/mod--up-tecnologia 200
[debug] [2024-12-24T15:22:25.844Z] <<< [apiv2][body] GET https://firebase.googleapis.com/v1beta1/projects/mod--up-tecnologia {"projectId":"mod--up-tecnologia","projectNumber":"364866578067","displayName":"Mod -up Tecnologia","name":"projects/mod--up-tecnologia","resources":{"hostingSite":"mod--up-tecnologia"},"state":"ACTIVE","etag":"1_ff3861d3-187c-4af5-847b-55bfaae046ff"}
[info] 
[info] Your public directory is the folder (relative to your project directory) that
[info] will contain Hosting assets to be uploaded with firebase deploy. If you
[info] have a build process for your assets, use your build's output directory.
[info] 
[debug] [2024-12-24T15:23:09.787Z] >>> [apiv2][query] GET https://www.gstatic.com/firebasejs/releases.json [none]
[debug] [2024-12-24T15:23:10.031Z] <<< [apiv2][status] GET https://www.gstatic.com/firebasejs/releases.json 200
[debug] [2024-12-24T15:23:10.031Z] <<< [apiv2][body] GET https://www.gstatic.com/firebasejs/releases.json {"current":{"version":"11.1.0","browserURL":"https://www.gstatic.com/firebasejs/11.1.0/firebase.js","packageURL":"https://www.gstatic.com/firebasejs/11.1.0/firebase.tgz"},"live":{"version":"11.1","browserURL":"https://www.gstatic.com/firebasejs/live/11.1/firebase.js","packageURL":"https://www.gstatic.com/firebasejs/live/11.1/firebase.tgz"},"components":{"analytics":"https://www.gstatic.com/firebasejs/11.1.0/firebase-analytics.js","app":"https://www.gstatic.com/firebasejs/11.1.0/firebase-app.js","app-check":"https://www.gstatic.com/firebasejs/11.1.0/firebase-app-check.js","auth":"https://www.gstatic.com/firebasejs/11.1.0/firebase-auth.js","auth/cordova":"https://www.gstatic.com/firebasejs/11.1.0/firebase-auth/cordova.js","auth/web-extension":"https://www.gstatic.com/firebasejs/11.1.0/firebase-auth/web-extension.js","functions":"https://www.gstatic.com/firebasejs/11.1.0/firebase-functions.js","firestore":"https://www.gstatic.com/firebasejs/11.1.0/firebase-firestore.js","firestore/lite":"https://www.gstatic.com/firebasejs/11.1.0/firebase-firestore/lite.js","installations":"https://www.gstatic.com/firebasejs/11.1.0/firebase-installations.js","storage":"https://www.gstatic.com/firebasejs/11.1.0/firebase-storage.js","performance":"https://www.gstatic.com/firebasejs/11.1.0/firebase-performance.js","remote-config":"https://www.gstatic.com/firebasejs/11.1.0/firebase-remote-config.js","messaging":"https://www.gstatic.com/firebasejs/11.1.0/firebase-messaging.js","messaging/sw":"https://www.gstatic.com/firebasejs/11.1.0/firebase-messaging/sw.js","database":"https://www.gstatic.com/firebasejs/11.1.0/firebase-database.js","vertexai":"https://www.gstatic.com/firebasejs/11.1.0/firebase-vertexai.js","data-connect":"https://www.gstatic.com/firebasejs/11.1.0/firebase-data-connect.js","firestore.memory":"https://www.gstatic.com/firebasejs/11.1.0/firebase-firestore.memory.js"}}
[info] +  Wrote public/index.html 
[info] 
[info] i  Detected a .git folder at C:\Users\WTINFO PC\OneDrive\Área de Trabalho\mod-up 25\Mod-up-Tech 
[info] i  Authorizing with GitHub to upload your service account to a GitHub repository's secrets store. 
[info] 
[info] Visit this URL on this device to log in:
[info] https://github.com/login/oauth/authorize?client_id=89cf50f02ac6aaed3484&state=451927263&redirect_uri=http%3A%2F%2Flocalhost%3A9005&scope=read%3Auser%20repo%20public_repo
[info] 
[info] Waiting for authentication...
[debug] [2024-12-24T15:23:21.266Z] >>> [apiv2][query] POST https://github.com/login/oauth/access_token [none]
[debug] [2024-12-24T15:23:21.266Z] >>> [apiv2][body] POST https://github.com/login/oauth/access_token [stream]
[debug] [2024-12-24T15:23:21.755Z] <<< [apiv2][status] POST https://github.com/login/oauth/access_token 200
[debug] [2024-12-24T15:23:21.755Z] <<< [apiv2][body] POST https://github.com/login/oauth/access_token {"access_token":"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","token_type":"bearer","scope":"read:user,repo"}
[debug] [2024-12-24T15:23:21.760Z] >>> [apiv2][query] GET https://api.github.com/user [none]
[debug] [2024-12-24T15:23:22.106Z] <<< [apiv2][status] GET https://api.github.com/user 200
[debug] [2024-12-24T15:23:22.107Z] <<< [apiv2][body] GET https://api.github.com/user {"login":"techinova","id":178687170,"node_id":"U_kgDOCqaMwg","avatar_url":"https://avatars.githubusercontent.com/u/178687170?v=4","gravatar_id":"","url":"https://api.github.com/users/techinova","html_url":"https://github.com/techinova","followers_url":"https://api.github.com/users/techinova/followers","following_url":"https://api.github.com/users/techinova/following{/other_user}","gists_url":"https://api.github.com/users/techinova/gists{/gist_id}","starred_url":"https://api.github.com/users/techinova/starred{/owner}{/repo}","subscriptions_url":"https://api.github.com/users/techinova/subscriptions","organizations_url":"https://api.github.com/users/techinova/orgs","repos_url":"https://api.github.com/users/techinova/repos","events_url":"https://api.github.com/users/techinova/events{/privacy}","received_events_url":"https://api.github.com/users/techinova/received_events","type":"User","user_view_type":"private","site_admin":false,"name":"ModUp tech","company":null,"blog":"","location":null,"email":null,"hireable":null,"bio":null,"twitter_username":null,"notification_email":null,"public_repos":9,"public_gists":0,"followers":3,"following":5,"created_at":"2024-08-18T02:12:05Z","updated_at":"2024-12-04T13:18:53Z","private_gists":0,"total_private_repos":0,"owned_private_repos":0,"disk_usage":69056,"collaborators":0,"two_factor_authentication":false,"plan":{"name":"free","space":976562499,"collaborators":0,"private_repos":10000}}
[info] 
[info] +  Success! Logged into GitHub as techinova 
[info] 
[debug] [2024-12-24T15:23:50.819Z] >>> [apiv2][query] GET https://api.github.com/repos//actions/secrets/public-key type=owner
[debug] [2024-12-24T15:23:51.085Z] <<< [apiv2][status] GET https://api.github.com/repos//actions/secrets/public-key 404
[debug] [2024-12-24T15:23:51.085Z] <<< [apiv2][body] GET https://api.github.com/repos//actions/secrets/public-key {"message":"Not Found","documentation_url":"https://docs.github.com/rest","status":"404"}
[info] 
[info] 
[error] !  The provided authorization cannot be used with this repository. If this repository is in an organization, did you remember to grant access? 
[info] 
[info] i  Action required: Visit this URL to ensure access has been granted to the appropriate organization(s) for the Firebase CLI GitHub OAuth App: 
[info] https://github.com/settings/connections/applications/89cf50f02ac6aaed3484
[info] 
[debug] [2024-12-24T15:23:52.883Z] >>> [apiv2][query] GET https://api.github.com/repos//actions/secrets/public-key type=owner
[debug] [2024-12-24T15:23:53.075Z] <<< [apiv2][status] GET https://api.github.com/repos//actions/secrets/public-key 404
[debug] [2024-12-24T15:23:53.075Z] <<< [apiv2][body] GET https://api.github.com/repos//actions/secrets/public-key {"message":"Not Found","documentation_url":"https://docs.github.com/rest","status":"404"}
[info] 
[info] 
[error] !  The provided authorization cannot be used with this repository. If this repository is in an organization, did you remember to grant access? 
[info] 
[info] i  Action required: Visit this URL to ensure access has been granted to the appropriate organization(s) for the Firebase CLI GitHub OAuth App: 
[info] https://github.com/settings/connections/applications/89cf50f02ac6aaed3484
[info] 
[debug] [2024-12-24T15:23:59.027Z] >>> [apiv2][query] GET https://api.github.com/repos/n/actions/secrets/public-key type=owner
[debug] [2024-12-24T15:23:59.367Z] <<< [apiv2][status] GET https://api.github.com/repos/n/actions/secrets/public-key 404
[debug] [2024-12-24T15:23:59.368Z] <<< [apiv2][body] GET https://api.github.com/repos/n/actions/secrets/public-key {"message":"Not Found","documentation_url":"https://docs.github.com/rest","status":"404"}
[info] 
[info] 
[error] !  The provided authorization cannot be used with this repository. If this repository is in an organization, did you remember to grant access? 
[info] 
[info] i  Action required: Visit this URL to ensure access has been granted to the appropriate organization(s) for the Firebase CLI GitHub OAuth App: 
[info] https://github.com/settings/connections/applications/89cf50f02ac6aaed3484
[info] 
[debug] [2024-12-24T15:24:38.691Z] >>> [apiv2][query] GET https://api.github.com/repos//actions/secrets/public-key type=owner
[debug] [2024-12-24T15:24:39.124Z] <<< [apiv2][status] GET https://api.github.com/repos//actions/secrets/public-key 401
[debug] [2024-12-24T15:24:39.124Z] <<< [apiv2][body] GET https://api.github.com/repos//actions/secrets/public-key {"message":"Bad credentials","documentation_url":"https://docs.github.com/rest","status":"401"}
[debug] [2024-12-24T15:24:42.690Z] >>> [apiv2][query] GET https://api.github.com/repos//actions/secrets/public-key type=owner
[debug] [2024-12-24T15:24:42.855Z] <<< [apiv2][status] GET https://api.github.com/repos//actions/secrets/public-key 401
[debug] [2024-12-24T15:24:42.855Z] <<< [apiv2][body] GET https://api.github.com/repos//actions/secrets/public-key {"message":"Bad credentials","documentation_url":"https://docs.github.com/rest","status":"401"}
[debug] [2024-12-24T15:27:57.491Z] >>> [apiv2][query] GET https://api.github.com/repos/clear/actions/secrets/public-key type=owner
[debug] [2024-12-24T15:27:57.772Z] <<< [apiv2][status] GET https://api.github.com/repos/clear/actions/secrets/public-key 401
[debug] [2024-12-24T15:27:57.772Z] <<< [apiv2][body] GET https://api.github.com/repos/clear/actions/secrets/public-key {"message":"Bad credentials","documentation_url":"https://docs.github.com/rest","status":"401"}
